ERROR - 2026-04-15 08:50:35 --> Error connecting to the database: mysqli_sql_exception: No such file or directory in /home/fifaliana/Itu/s4/INF205/codeigniter4-framework-b3359be/system/Database/MySQLi/Connection.php:201
Stack trace:
#0 /home/fifaliana/Itu/s4/INF205/codeigniter4-framework-b3359be/system/Database/MySQLi/Connection.php(201): mysqli->real_connect()
#1 /home/fifaliana/Itu/s4/INF205/codeigniter4-framework-b3359be/system/Database/BaseConnection.php(555): CodeIgniter\Database\MySQLi\Connection->connect()
#2 /home/fifaliana/Itu/s4/INF205/codeigniter4-framework-b3359be/system/Database/BaseConnection.php(795): CodeIgniter\Database\BaseConnection->initialize()
#3 /home/fifaliana/Itu/s4/INF205/codeigniter4-framework-b3359be/system/Database/BaseBuilder.php(1649): CodeIgniter\Database\BaseConnection->query()
#4 /home/fifaliana/Itu/s4/INF205/codeigniter4-framework-b3359be/system/Model.php(253): CodeIgniter\Database\BaseBuilder->get()
#5 /home/fifaliana/Itu/s4/INF205/codeigniter4-framework-b3359be/system/BaseModel.php(676): CodeIgniter\Model->doFindAll()
#6 /home/fifaliana/Itu/s4/INF205/codeigniter4-framework-b3359be/app/Controllers/LivresController.php(10): CodeIgniter\BaseModel->findAll()
#7 /home/fifaliana/Itu/s4/INF205/codeigniter4-framework-b3359be/system/CodeIgniter.php(951): App\Controllers\LivresController->index()
#8 /home/fifaliana/Itu/s4/INF205/codeigniter4-framework-b3359be/system/CodeIgniter.php(497): CodeIgniter\CodeIgniter->runController()
#9 /home/fifaliana/Itu/s4/INF205/codeigniter4-framework-b3359be/system/CodeIgniter.php(340): CodeIgniter\CodeIgniter->handleRequest()
#10 /home/fifaliana/Itu/s4/INF205/codeigniter4-framework-b3359be/system/Boot.php(417): CodeIgniter\CodeIgniter->run()
#11 /home/fifaliana/Itu/s4/INF205/codeigniter4-framework-b3359be/system/Boot.php(68): CodeIgniter\Boot::runCodeIgniter()
#12 /home/fifaliana/Itu/s4/INF205/codeigniter4-framework-b3359be/public/index.php(59): CodeIgniter\Boot::bootWeb()
#13 {main}

Next CodeIgniter\Database\Exceptions\DatabaseException: No such file or directory in /home/fifaliana/Itu/s4/INF205/codeigniter4-framework-b3359be/system/Database/MySQLi/Connection.php:231
Stack trace:
#0 /home/fifaliana/Itu/s4/INF205/codeigniter4-framework-b3359be/system/Database/BaseConnection.php(555): CodeIgniter\Database\MySQLi\Connection->connect()
#1 /home/fifaliana/Itu/s4/INF205/codeigniter4-framework-b3359be/system/Database/BaseConnection.php(795): CodeIgniter\Database\BaseConnection->initialize()
#2 /home/fifaliana/Itu/s4/INF205/codeigniter4-framework-b3359be/system/Database/BaseBuilder.php(1649): CodeIgniter\Database\BaseConnection->query()
#3 /home/fifaliana/Itu/s4/INF205/codeigniter4-framework-b3359be/system/Model.php(253): CodeIgniter\Database\BaseBuilder->get()
#4 /home/fifaliana/Itu/s4/INF205/codeigniter4-framework-b3359be/system/BaseModel.php(676): CodeIgniter\Model->doFindAll()
#5 /home/fifaliana/Itu/s4/INF205/codeigniter4-framework-b3359be/app/Controllers/LivresController.php(10): CodeIgniter\BaseModel->findAll()
#6 /home/fifaliana/Itu/s4/INF205/codeigniter4-framework-b3359be/system/CodeIgniter.php(951): App\Controllers\LivresController->index()
#7 /home/fifaliana/Itu/s4/INF205/codeigniter4-framework-b3359be/system/CodeIgniter.php(497): CodeIgniter\CodeIgniter->runController()
#8 /home/fifaliana/Itu/s4/INF205/codeigniter4-framework-b3359be/system/CodeIgniter.php(340): CodeIgniter\CodeIgniter->handleRequest()
#9 /home/fifaliana/Itu/s4/INF205/codeigniter4-framework-b3359be/system/Boot.php(417): CodeIgniter\CodeIgniter->run()
#10 /home/fifaliana/Itu/s4/INF205/codeigniter4-framework-b3359be/system/Boot.php(68): CodeIgniter\Boot::runCodeIgniter()
#11 /home/fifaliana/Itu/s4/INF205/codeigniter4-framework-b3359be/public/index.php(59): CodeIgniter\Boot::bootWeb()
#12 {main}
CRITICAL - 2026-04-15 08:50:35 --> CodeIgniter\Database\Exceptions\DatabaseException: Unable to connect to the database.
Main connection [MySQLi]: No such file or directory
[Method: GET, Route: livres]
in SYSTEMPATH/Database/BaseConnection.php on line 606.
 1 SYSTEMPATH/Database/BaseConnection.php(795): CodeIgniter\Database\BaseConnection->initialize()
 2 SYSTEMPATH/Database/BaseBuilder.php(1649): CodeIgniter\Database\BaseConnection->query()
 3 SYSTEMPATH/Model.php(253): CodeIgniter\Database\BaseBuilder->get()
 4 SYSTEMPATH/BaseModel.php(676): CodeIgniter\Model->doFindAll()
 5 APPPATH/Controllers/LivresController.php(10): CodeIgniter\BaseModel->findAll()
 6 SYSTEMPATH/CodeIgniter.php(951): App\Controllers\LivresController->index()
 7 SYSTEMPATH/CodeIgniter.php(497): CodeIgniter\CodeIgniter->runController()
 8 SYSTEMPATH/CodeIgniter.php(340): CodeIgniter\CodeIgniter->handleRequest()
 9 SYSTEMPATH/Boot.php(417): CodeIgniter\CodeIgniter->run()
10 SYSTEMPATH/Boot.php(68): CodeIgniter\Boot::runCodeIgniter()
11 FCPATH/index.php(59): CodeIgniter\Boot::bootWeb()
ERROR - 2026-04-15 08:51:55 --> Error connecting to the database: mysqli_sql_exception: No such file or directory in /home/fifaliana/Itu/s4/INF205/codeigniter4-framework-b3359be/system/Database/MySQLi/Connection.php:201
Stack trace:
#0 /home/fifaliana/Itu/s4/INF205/codeigniter4-framework-b3359be/system/Database/MySQLi/Connection.php(201): mysqli->real_connect()
#1 /home/fifaliana/Itu/s4/INF205/codeigniter4-framework-b3359be/system/Database/BaseConnection.php(555): CodeIgniter\Database\MySQLi\Connection->connect()
#2 /home/fifaliana/Itu/s4/INF205/codeigniter4-framework-b3359be/system/Database/BaseConnection.php(795): CodeIgniter\Database\BaseConnection->initialize()
#3 /home/fifaliana/Itu/s4/INF205/codeigniter4-framework-b3359be/system/Database/BaseBuilder.php(1649): CodeIgniter\Database\BaseConnection->query()
#4 /home/fifaliana/Itu/s4/INF205/codeigniter4-framework-b3359be/system/Model.php(253): CodeIgniter\Database\BaseBuilder->get()
#5 /home/fifaliana/Itu/s4/INF205/codeigniter4-framework-b3359be/system/BaseModel.php(676): CodeIgniter\Model->doFindAll()
#6 /home/fifaliana/Itu/s4/INF205/codeigniter4-framework-b3359be/app/Controllers/LivresController.php(10): CodeIgniter\BaseModel->findAll()
#7 /home/fifaliana/Itu/s4/INF205/codeigniter4-framework-b3359be/system/CodeIgniter.php(951): App\Controllers\LivresController->index()
#8 /home/fifaliana/Itu/s4/INF205/codeigniter4-framework-b3359be/system/CodeIgniter.php(497): CodeIgniter\CodeIgniter->runController()
#9 /home/fifaliana/Itu/s4/INF205/codeigniter4-framework-b3359be/system/CodeIgniter.php(340): CodeIgniter\CodeIgniter->handleRequest()
#10 /home/fifaliana/Itu/s4/INF205/codeigniter4-framework-b3359be/system/Boot.php(417): CodeIgniter\CodeIgniter->run()
#11 /home/fifaliana/Itu/s4/INF205/codeigniter4-framework-b3359be/system/Boot.php(68): CodeIgniter\Boot::runCodeIgniter()
#12 /home/fifaliana/Itu/s4/INF205/codeigniter4-framework-b3359be/public/index.php(59): CodeIgniter\Boot::bootWeb()
#13 {main}

Next CodeIgniter\Database\Exceptions\DatabaseException: No such file or directory in /home/fifaliana/Itu/s4/INF205/codeigniter4-framework-b3359be/system/Database/MySQLi/Connection.php:231
Stack trace:
#0 /home/fifaliana/Itu/s4/INF205/codeigniter4-framework-b3359be/system/Database/BaseConnection.php(555): CodeIgniter\Database\MySQLi\Connection->connect()
#1 /home/fifaliana/Itu/s4/INF205/codeigniter4-framework-b3359be/system/Database/BaseConnection.php(795): CodeIgniter\Database\BaseConnection->initialize()
#2 /home/fifaliana/Itu/s4/INF205/codeigniter4-framework-b3359be/system/Database/BaseBuilder.php(1649): CodeIgniter\Database\BaseConnection->query()
#3 /home/fifaliana/Itu/s4/INF205/codeigniter4-framework-b3359be/system/Model.php(253): CodeIgniter\Database\BaseBuilder->get()
#4 /home/fifaliana/Itu/s4/INF205/codeigniter4-framework-b3359be/system/BaseModel.php(676): CodeIgniter\Model->doFindAll()
#5 /home/fifaliana/Itu/s4/INF205/codeigniter4-framework-b3359be/app/Controllers/LivresController.php(10): CodeIgniter\BaseModel->findAll()
#6 /home/fifaliana/Itu/s4/INF205/codeigniter4-framework-b3359be/system/CodeIgniter.php(951): App\Controllers\LivresController->index()
#7 /home/fifaliana/Itu/s4/INF205/codeigniter4-framework-b3359be/system/CodeIgniter.php(497): CodeIgniter\CodeIgniter->runController()
#8 /home/fifaliana/Itu/s4/INF205/codeigniter4-framework-b3359be/system/CodeIgniter.php(340): CodeIgniter\CodeIgniter->handleRequest()
#9 /home/fifaliana/Itu/s4/INF205/codeigniter4-framework-b3359be/system/Boot.php(417): CodeIgniter\CodeIgniter->run()
#10 /home/fifaliana/Itu/s4/INF205/codeigniter4-framework-b3359be/system/Boot.php(68): CodeIgniter\Boot::runCodeIgniter()
#11 /home/fifaliana/Itu/s4/INF205/codeigniter4-framework-b3359be/public/index.php(59): CodeIgniter\Boot::bootWeb()
#12 {main}
CRITICAL - 2026-04-15 08:51:55 --> CodeIgniter\Database\Exceptions\DatabaseException: Unable to connect to the database.
Main connection [MySQLi]: No such file or directory
[Method: GET, Route: livres]
in SYSTEMPATH/Database/BaseConnection.php on line 606.
 1 SYSTEMPATH/Database/BaseConnection.php(795): CodeIgniter\Database\BaseConnection->initialize()
 2 SYSTEMPATH/Database/BaseBuilder.php(1649): CodeIgniter\Database\BaseConnection->query()
 3 SYSTEMPATH/Model.php(253): CodeIgniter\Database\BaseBuilder->get()
 4 SYSTEMPATH/BaseModel.php(676): CodeIgniter\Model->doFindAll()
 5 APPPATH/Controllers/LivresController.php(10): CodeIgniter\BaseModel->findAll()
 6 SYSTEMPATH/CodeIgniter.php(951): App\Controllers\LivresController->index()
 7 SYSTEMPATH/CodeIgniter.php(497): CodeIgniter\CodeIgniter->runController()
 8 SYSTEMPATH/CodeIgniter.php(340): CodeIgniter\CodeIgniter->handleRequest()
 9 SYSTEMPATH/Boot.php(417): CodeIgniter\CodeIgniter->run()
10 SYSTEMPATH/Boot.php(68): CodeIgniter\Boot::runCodeIgniter()
11 FCPATH/index.php(59): CodeIgniter\Boot::bootWeb()
ERROR - 2026-04-15 08:51:56 --> Error connecting to the database: mysqli_sql_exception: No such file or directory in /home/fifaliana/Itu/s4/INF205/codeigniter4-framework-b3359be/system/Database/MySQLi/Connection.php:201
Stack trace:
#0 /home/fifaliana/Itu/s4/INF205/codeigniter4-framework-b3359be/system/Database/MySQLi/Connection.php(201): mysqli->real_connect()
#1 /home/fifaliana/Itu/s4/INF205/codeigniter4-framework-b3359be/system/Database/BaseConnection.php(555): CodeIgniter\Database\MySQLi\Connection->connect()
#2 /home/fifaliana/Itu/s4/INF205/codeigniter4-framework-b3359be/system/Database/BaseConnection.php(795): CodeIgniter\Database\BaseConnection->initialize()
#3 /home/fifaliana/Itu/s4/INF205/codeigniter4-framework-b3359be/system/Database/BaseBuilder.php(1649): CodeIgniter\Database\BaseConnection->query()
#4 /home/fifaliana/Itu/s4/INF205/codeigniter4-framework-b3359be/system/Model.php(253): CodeIgniter\Database\BaseBuilder->get()
#5 /home/fifaliana/Itu/s4/INF205/codeigniter4-framework-b3359be/system/BaseModel.php(676): CodeIgniter\Model->doFindAll()
#6 /home/fifaliana/Itu/s4/INF205/codeigniter4-framework-b3359be/app/Controllers/LivresController.php(10): CodeIgniter\BaseModel->findAll()
#7 /home/fifaliana/Itu/s4/INF205/codeigniter4-framework-b3359be/system/CodeIgniter.php(951): App\Controllers\LivresController->index()
#8 /home/fifaliana/Itu/s4/INF205/codeigniter4-framework-b3359be/system/CodeIgniter.php(497): CodeIgniter\CodeIgniter->runController()
#9 /home/fifaliana/Itu/s4/INF205/codeigniter4-framework-b3359be/system/CodeIgniter.php(340): CodeIgniter\CodeIgniter->handleRequest()
#10 /home/fifaliana/Itu/s4/INF205/codeigniter4-framework-b3359be/system/Boot.php(417): CodeIgniter\CodeIgniter->run()
#11 /home/fifaliana/Itu/s4/INF205/codeigniter4-framework-b3359be/system/Boot.php(68): CodeIgniter\Boot::runCodeIgniter()
#12 /home/fifaliana/Itu/s4/INF205/codeigniter4-framework-b3359be/public/index.php(59): CodeIgniter\Boot::bootWeb()
#13 {main}

Next CodeIgniter\Database\Exceptions\DatabaseException: No such file or directory in /home/fifaliana/Itu/s4/INF205/codeigniter4-framework-b3359be/system/Database/MySQLi/Connection.php:231
Stack trace:
#0 /home/fifaliana/Itu/s4/INF205/codeigniter4-framework-b3359be/system/Database/BaseConnection.php(555): CodeIgniter\Database\MySQLi\Connection->connect()
#1 /home/fifaliana/Itu/s4/INF205/codeigniter4-framework-b3359be/system/Database/BaseConnection.php(795): CodeIgniter\Database\BaseConnection->initialize()
#2 /home/fifaliana/Itu/s4/INF205/codeigniter4-framework-b3359be/system/Database/BaseBuilder.php(1649): CodeIgniter\Database\BaseConnection->query()
#3 /home/fifaliana/Itu/s4/INF205/codeigniter4-framework-b3359be/system/Model.php(253): CodeIgniter\Database\BaseBuilder->get()
#4 /home/fifaliana/Itu/s4/INF205/codeigniter4-framework-b3359be/system/BaseModel.php(676): CodeIgniter\Model->doFindAll()
#5 /home/fifaliana/Itu/s4/INF205/codeigniter4-framework-b3359be/app/Controllers/LivresController.php(10): CodeIgniter\BaseModel->findAll()
#6 /home/fifaliana/Itu/s4/INF205/codeigniter4-framework-b3359be/system/CodeIgniter.php(951): App\Controllers\LivresController->index()
#7 /home/fifaliana/Itu/s4/INF205/codeigniter4-framework-b3359be/system/CodeIgniter.php(497): CodeIgniter\CodeIgniter->runController()
#8 /home/fifaliana/Itu/s4/INF205/codeigniter4-framework-b3359be/system/CodeIgniter.php(340): CodeIgniter\CodeIgniter->handleRequest()
#9 /home/fifaliana/Itu/s4/INF205/codeigniter4-framework-b3359be/system/Boot.php(417): CodeIgniter\CodeIgniter->run()
#10 /home/fifaliana/Itu/s4/INF205/codeigniter4-framework-b3359be/system/Boot.php(68): CodeIgniter\Boot::runCodeIgniter()
#11 /home/fifaliana/Itu/s4/INF205/codeigniter4-framework-b3359be/public/index.php(59): CodeIgniter\Boot::bootWeb()
#12 {main}
CRITICAL - 2026-04-15 08:51:56 --> CodeIgniter\Database\Exceptions\DatabaseException: Unable to connect to the database.
Main connection [MySQLi]: No such file or directory
[Method: GET, Route: livres]
in SYSTEMPATH/Database/BaseConnection.php on line 606.
 1 SYSTEMPATH/Database/BaseConnection.php(795): CodeIgniter\Database\BaseConnection->initialize()
 2 SYSTEMPATH/Database/BaseBuilder.php(1649): CodeIgniter\Database\BaseConnection->query()
 3 SYSTEMPATH/Model.php(253): CodeIgniter\Database\BaseBuilder->get()
 4 SYSTEMPATH/BaseModel.php(676): CodeIgniter\Model->doFindAll()
 5 APPPATH/Controllers/LivresController.php(10): CodeIgniter\BaseModel->findAll()
 6 SYSTEMPATH/CodeIgniter.php(951): App\Controllers\LivresController->index()
 7 SYSTEMPATH/CodeIgniter.php(497): CodeIgniter\CodeIgniter->runController()
 8 SYSTEMPATH/CodeIgniter.php(340): CodeIgniter\CodeIgniter->handleRequest()
 9 SYSTEMPATH/Boot.php(417): CodeIgniter\CodeIgniter->run()
10 SYSTEMPATH/Boot.php(68): CodeIgniter\Boot::runCodeIgniter()
11 FCPATH/index.php(59): CodeIgniter\Boot::bootWeb()
ERROR - 2026-04-15 08:54:47 --> Error connecting to the database: mysqli_sql_exception: No such file or directory in /home/fifaliana/Itu/s4/INF205/codeigniter4-framework-b3359be/system/Database/MySQLi/Connection.php:201
Stack trace:
#0 /home/fifaliana/Itu/s4/INF205/codeigniter4-framework-b3359be/system/Database/MySQLi/Connection.php(201): mysqli->real_connect()
#1 /home/fifaliana/Itu/s4/INF205/codeigniter4-framework-b3359be/system/Database/BaseConnection.php(555): CodeIgniter\Database\MySQLi\Connection->connect()
#2 /home/fifaliana/Itu/s4/INF205/codeigniter4-framework-b3359be/system/Database/BaseConnection.php(795): CodeIgniter\Database\BaseConnection->initialize()
#3 /home/fifaliana/Itu/s4/INF205/codeigniter4-framework-b3359be/system/Database/BaseBuilder.php(1649): CodeIgniter\Database\BaseConnection->query()
#4 /home/fifaliana/Itu/s4/INF205/codeigniter4-framework-b3359be/system/Model.php(253): CodeIgniter\Database\BaseBuilder->get()
#5 /home/fifaliana/Itu/s4/INF205/codeigniter4-framework-b3359be/system/BaseModel.php(676): CodeIgniter\Model->doFindAll()
#6 /home/fifaliana/Itu/s4/INF205/codeigniter4-framework-b3359be/app/Controllers/LivresController.php(10): CodeIgniter\BaseModel->findAll()
#7 /home/fifaliana/Itu/s4/INF205/codeigniter4-framework-b3359be/system/CodeIgniter.php(951): App\Controllers\LivresController->index()
#8 /home/fifaliana/Itu/s4/INF205/codeigniter4-framework-b3359be/system/CodeIgniter.php(497): CodeIgniter\CodeIgniter->runController()
#9 /home/fifaliana/Itu/s4/INF205/codeigniter4-framework-b3359be/system/CodeIgniter.php(340): CodeIgniter\CodeIgniter->handleRequest()
#10 /home/fifaliana/Itu/s4/INF205/codeigniter4-framework-b3359be/system/Boot.php(417): CodeIgniter\CodeIgniter->run()
#11 /home/fifaliana/Itu/s4/INF205/codeigniter4-framework-b3359be/system/Boot.php(68): CodeIgniter\Boot::runCodeIgniter()
#12 /home/fifaliana/Itu/s4/INF205/codeigniter4-framework-b3359be/public/index.php(59): CodeIgniter\Boot::bootWeb()
#13 {main}

Next CodeIgniter\Database\Exceptions\DatabaseException: No such file or directory in /home/fifaliana/Itu/s4/INF205/codeigniter4-framework-b3359be/system/Database/MySQLi/Connection.php:231
Stack trace:
#0 /home/fifaliana/Itu/s4/INF205/codeigniter4-framework-b3359be/system/Database/BaseConnection.php(555): CodeIgniter\Database\MySQLi\Connection->connect()
#1 /home/fifaliana/Itu/s4/INF205/codeigniter4-framework-b3359be/system/Database/BaseConnection.php(795): CodeIgniter\Database\BaseConnection->initialize()
#2 /home/fifaliana/Itu/s4/INF205/codeigniter4-framework-b3359be/system/Database/BaseBuilder.php(1649): CodeIgniter\Database\BaseConnection->query()
#3 /home/fifaliana/Itu/s4/INF205/codeigniter4-framework-b3359be/system/Model.php(253): CodeIgniter\Database\BaseBuilder->get()
#4 /home/fifaliana/Itu/s4/INF205/codeigniter4-framework-b3359be/system/BaseModel.php(676): CodeIgniter\Model->doFindAll()
#5 /home/fifaliana/Itu/s4/INF205/codeigniter4-framework-b3359be/app/Controllers/LivresController.php(10): CodeIgniter\BaseModel->findAll()
#6 /home/fifaliana/Itu/s4/INF205/codeigniter4-framework-b3359be/system/CodeIgniter.php(951): App\Controllers\LivresController->index()
#7 /home/fifaliana/Itu/s4/INF205/codeigniter4-framework-b3359be/system/CodeIgniter.php(497): CodeIgniter\CodeIgniter->runController()
#8 /home/fifaliana/Itu/s4/INF205/codeigniter4-framework-b3359be/system/CodeIgniter.php(340): CodeIgniter\CodeIgniter->handleRequest()
#9 /home/fifaliana/Itu/s4/INF205/codeigniter4-framework-b3359be/system/Boot.php(417): CodeIgniter\CodeIgniter->run()
#10 /home/fifaliana/Itu/s4/INF205/codeigniter4-framework-b3359be/system/Boot.php(68): CodeIgniter\Boot::runCodeIgniter()
#11 /home/fifaliana/Itu/s4/INF205/codeigniter4-framework-b3359be/public/index.php(59): CodeIgniter\Boot::bootWeb()
#12 {main}
CRITICAL - 2026-04-15 08:54:47 --> CodeIgniter\Database\Exceptions\DatabaseException: Unable to connect to the database.
Main connection [MySQLi]: No such file or directory
[Method: GET, Route: livres]
in SYSTEMPATH/Database/BaseConnection.php on line 606.
 1 SYSTEMPATH/Database/BaseConnection.php(795): CodeIgniter\Database\BaseConnection->initialize()
 2 SYSTEMPATH/Database/BaseBuilder.php(1649): CodeIgniter\Database\BaseConnection->query()
 3 SYSTEMPATH/Model.php(253): CodeIgniter\Database\BaseBuilder->get()
 4 SYSTEMPATH/BaseModel.php(676): CodeIgniter\Model->doFindAll()
 5 APPPATH/Controllers/LivresController.php(10): CodeIgniter\BaseModel->findAll()
 6 SYSTEMPATH/CodeIgniter.php(951): App\Controllers\LivresController->index()
 7 SYSTEMPATH/CodeIgniter.php(497): CodeIgniter\CodeIgniter->runController()
 8 SYSTEMPATH/CodeIgniter.php(340): CodeIgniter\CodeIgniter->handleRequest()
 9 SYSTEMPATH/Boot.php(417): CodeIgniter\CodeIgniter->run()
10 SYSTEMPATH/Boot.php(68): CodeIgniter\Boot::runCodeIgniter()
11 FCPATH/index.php(59): CodeIgniter\Boot::bootWeb()
ERROR - 2026-04-15 08:54:48 --> Error connecting to the database: mysqli_sql_exception: No such file or directory in /home/fifaliana/Itu/s4/INF205/codeigniter4-framework-b3359be/system/Database/MySQLi/Connection.php:201
Stack trace:
#0 /home/fifaliana/Itu/s4/INF205/codeigniter4-framework-b3359be/system/Database/MySQLi/Connection.php(201): mysqli->real_connect()
#1 /home/fifaliana/Itu/s4/INF205/codeigniter4-framework-b3359be/system/Database/BaseConnection.php(555): CodeIgniter\Database\MySQLi\Connection->connect()
#2 /home/fifaliana/Itu/s4/INF205/codeigniter4-framework-b3359be/system/Database/BaseConnection.php(795): CodeIgniter\Database\BaseConnection->initialize()
#3 /home/fifaliana/Itu/s4/INF205/codeigniter4-framework-b3359be/system/Database/BaseBuilder.php(1649): CodeIgniter\Database\BaseConnection->query()
#4 /home/fifaliana/Itu/s4/INF205/codeigniter4-framework-b3359be/system/Model.php(253): CodeIgniter\Database\BaseBuilder->get()
#5 /home/fifaliana/Itu/s4/INF205/codeigniter4-framework-b3359be/system/BaseModel.php(676): CodeIgniter\Model->doFindAll()
#6 /home/fifaliana/Itu/s4/INF205/codeigniter4-framework-b3359be/app/Controllers/LivresController.php(10): CodeIgniter\BaseModel->findAll()
#7 /home/fifaliana/Itu/s4/INF205/codeigniter4-framework-b3359be/system/CodeIgniter.php(951): App\Controllers\LivresController->index()
#8 /home/fifaliana/Itu/s4/INF205/codeigniter4-framework-b3359be/system/CodeIgniter.php(497): CodeIgniter\CodeIgniter->runController()
#9 /home/fifaliana/Itu/s4/INF205/codeigniter4-framework-b3359be/system/CodeIgniter.php(340): CodeIgniter\CodeIgniter->handleRequest()
#10 /home/fifaliana/Itu/s4/INF205/codeigniter4-framework-b3359be/system/Boot.php(417): CodeIgniter\CodeIgniter->run()
#11 /home/fifaliana/Itu/s4/INF205/codeigniter4-framework-b3359be/system/Boot.php(68): CodeIgniter\Boot::runCodeIgniter()
#12 /home/fifaliana/Itu/s4/INF205/codeigniter4-framework-b3359be/public/index.php(59): CodeIgniter\Boot::bootWeb()
#13 {main}

Next CodeIgniter\Database\Exceptions\DatabaseException: No such file or directory in /home/fifaliana/Itu/s4/INF205/codeigniter4-framework-b3359be/system/Database/MySQLi/Connection.php:231
Stack trace:
#0 /home/fifaliana/Itu/s4/INF205/codeigniter4-framework-b3359be/system/Database/BaseConnection.php(555): CodeIgniter\Database\MySQLi\Connection->connect()
#1 /home/fifaliana/Itu/s4/INF205/codeigniter4-framework-b3359be/system/Database/BaseConnection.php(795): CodeIgniter\Database\BaseConnection->initialize()
#2 /home/fifaliana/Itu/s4/INF205/codeigniter4-framework-b3359be/system/Database/BaseBuilder.php(1649): CodeIgniter\Database\BaseConnection->query()
#3 /home/fifaliana/Itu/s4/INF205/codeigniter4-framework-b3359be/system/Model.php(253): CodeIgniter\Database\BaseBuilder->get()
#4 /home/fifaliana/Itu/s4/INF205/codeigniter4-framework-b3359be/system/BaseModel.php(676): CodeIgniter\Model->doFindAll()
#5 /home/fifaliana/Itu/s4/INF205/codeigniter4-framework-b3359be/app/Controllers/LivresController.php(10): CodeIgniter\BaseModel->findAll()
#6 /home/fifaliana/Itu/s4/INF205/codeigniter4-framework-b3359be/system/CodeIgniter.php(951): App\Controllers\LivresController->index()
#7 /home/fifaliana/Itu/s4/INF205/codeigniter4-framework-b3359be/system/CodeIgniter.php(497): CodeIgniter\CodeIgniter->runController()
#8 /home/fifaliana/Itu/s4/INF205/codeigniter4-framework-b3359be/system/CodeIgniter.php(340): CodeIgniter\CodeIgniter->handleRequest()
#9 /home/fifaliana/Itu/s4/INF205/codeigniter4-framework-b3359be/system/Boot.php(417): CodeIgniter\CodeIgniter->run()
#10 /home/fifaliana/Itu/s4/INF205/codeigniter4-framework-b3359be/system/Boot.php(68): CodeIgniter\Boot::runCodeIgniter()
#11 /home/fifaliana/Itu/s4/INF205/codeigniter4-framework-b3359be/public/index.php(59): CodeIgniter\Boot::bootWeb()
#12 {main}
CRITICAL - 2026-04-15 08:54:48 --> CodeIgniter\Database\Exceptions\DatabaseException: Unable to connect to the database.
Main connection [MySQLi]: No such file or directory
[Method: GET, Route: livres]
in SYSTEMPATH/Database/BaseConnection.php on line 606.
 1 SYSTEMPATH/Database/BaseConnection.php(795): CodeIgniter\Database\BaseConnection->initialize()
 2 SYSTEMPATH/Database/BaseBuilder.php(1649): CodeIgniter\Database\BaseConnection->query()
 3 SYSTEMPATH/Model.php(253): CodeIgniter\Database\BaseBuilder->get()
 4 SYSTEMPATH/BaseModel.php(676): CodeIgniter\Model->doFindAll()
 5 APPPATH/Controllers/LivresController.php(10): CodeIgniter\BaseModel->findAll()
 6 SYSTEMPATH/CodeIgniter.php(951): App\Controllers\LivresController->index()
 7 SYSTEMPATH/CodeIgniter.php(497): CodeIgniter\CodeIgniter->runController()
 8 SYSTEMPATH/CodeIgniter.php(340): CodeIgniter\CodeIgniter->handleRequest()
 9 SYSTEMPATH/Boot.php(417): CodeIgniter\CodeIgniter->run()
10 SYSTEMPATH/Boot.php(68): CodeIgniter\Boot::runCodeIgniter()
11 FCPATH/index.php(59): CodeIgniter\Boot::bootWeb()
ERROR - 2026-04-15 08:54:49 --> Error connecting to the database: mysqli_sql_exception: No such file or directory in /home/fifaliana/Itu/s4/INF205/codeigniter4-framework-b3359be/system/Database/MySQLi/Connection.php:201
Stack trace:
#0 /home/fifaliana/Itu/s4/INF205/codeigniter4-framework-b3359be/system/Database/MySQLi/Connection.php(201): mysqli->real_connect()
#1 /home/fifaliana/Itu/s4/INF205/codeigniter4-framework-b3359be/system/Database/BaseConnection.php(555): CodeIgniter\Database\MySQLi\Connection->connect()
#2 /home/fifaliana/Itu/s4/INF205/codeigniter4-framework-b3359be/system/Database/BaseConnection.php(795): CodeIgniter\Database\BaseConnection->initialize()
#3 /home/fifaliana/Itu/s4/INF205/codeigniter4-framework-b3359be/system/Database/BaseBuilder.php(1649): CodeIgniter\Database\BaseConnection->query()
#4 /home/fifaliana/Itu/s4/INF205/codeigniter4-framework-b3359be/system/Model.php(253): CodeIgniter\Database\BaseBuilder->get()
#5 /home/fifaliana/Itu/s4/INF205/codeigniter4-framework-b3359be/system/BaseModel.php(676): CodeIgniter\Model->doFindAll()
#6 /home/fifaliana/Itu/s4/INF205/codeigniter4-framework-b3359be/app/Controllers/LivresController.php(10): CodeIgniter\BaseModel->findAll()
#7 /home/fifaliana/Itu/s4/INF205/codeigniter4-framework-b3359be/system/CodeIgniter.php(951): App\Controllers\LivresController->index()
#8 /home/fifaliana/Itu/s4/INF205/codeigniter4-framework-b3359be/system/CodeIgniter.php(497): CodeIgniter\CodeIgniter->runController()
#9 /home/fifaliana/Itu/s4/INF205/codeigniter4-framework-b3359be/system/CodeIgniter.php(340): CodeIgniter\CodeIgniter->handleRequest()
#10 /home/fifaliana/Itu/s4/INF205/codeigniter4-framework-b3359be/system/Boot.php(417): CodeIgniter\CodeIgniter->run()
#11 /home/fifaliana/Itu/s4/INF205/codeigniter4-framework-b3359be/system/Boot.php(68): CodeIgniter\Boot::runCodeIgniter()
#12 /home/fifaliana/Itu/s4/INF205/codeigniter4-framework-b3359be/public/index.php(59): CodeIgniter\Boot::bootWeb()
#13 {main}

Next CodeIgniter\Database\Exceptions\DatabaseException: No such file or directory in /home/fifaliana/Itu/s4/INF205/codeigniter4-framework-b3359be/system/Database/MySQLi/Connection.php:231
Stack trace:
#0 /home/fifaliana/Itu/s4/INF205/codeigniter4-framework-b3359be/system/Database/BaseConnection.php(555): CodeIgniter\Database\MySQLi\Connection->connect()
#1 /home/fifaliana/Itu/s4/INF205/codeigniter4-framework-b3359be/system/Database/BaseConnection.php(795): CodeIgniter\Database\BaseConnection->initialize()
#2 /home/fifaliana/Itu/s4/INF205/codeigniter4-framework-b3359be/system/Database/BaseBuilder.php(1649): CodeIgniter\Database\BaseConnection->query()
#3 /home/fifaliana/Itu/s4/INF205/codeigniter4-framework-b3359be/system/Model.php(253): CodeIgniter\Database\BaseBuilder->get()
#4 /home/fifaliana/Itu/s4/INF205/codeigniter4-framework-b3359be/system/BaseModel.php(676): CodeIgniter\Model->doFindAll()
#5 /home/fifaliana/Itu/s4/INF205/codeigniter4-framework-b3359be/app/Controllers/LivresController.php(10): CodeIgniter\BaseModel->findAll()
#6 /home/fifaliana/Itu/s4/INF205/codeigniter4-framework-b3359be/system/CodeIgniter.php(951): App\Controllers\LivresController->index()
#7 /home/fifaliana/Itu/s4/INF205/codeigniter4-framework-b3359be/system/CodeIgniter.php(497): CodeIgniter\CodeIgniter->runController()
#8 /home/fifaliana/Itu/s4/INF205/codeigniter4-framework-b3359be/system/CodeIgniter.php(340): CodeIgniter\CodeIgniter->handleRequest()
#9 /home/fifaliana/Itu/s4/INF205/codeigniter4-framework-b3359be/system/Boot.php(417): CodeIgniter\CodeIgniter->run()
#10 /home/fifaliana/Itu/s4/INF205/codeigniter4-framework-b3359be/system/Boot.php(68): CodeIgniter\Boot::runCodeIgniter()
#11 /home/fifaliana/Itu/s4/INF205/codeigniter4-framework-b3359be/public/index.php(59): CodeIgniter\Boot::bootWeb()
#12 {main}
CRITICAL - 2026-04-15 08:54:49 --> CodeIgniter\Database\Exceptions\DatabaseException: Unable to connect to the database.
Main connection [MySQLi]: No such file or directory
[Method: GET, Route: livres]
in SYSTEMPATH/Database/BaseConnection.php on line 606.
 1 SYSTEMPATH/Database/BaseConnection.php(795): CodeIgniter\Database\BaseConnection->initialize()
 2 SYSTEMPATH/Database/BaseBuilder.php(1649): CodeIgniter\Database\BaseConnection->query()
 3 SYSTEMPATH/Model.php(253): CodeIgniter\Database\BaseBuilder->get()
 4 SYSTEMPATH/BaseModel.php(676): CodeIgniter\Model->doFindAll()
 5 APPPATH/Controllers/LivresController.php(10): CodeIgniter\BaseModel->findAll()
 6 SYSTEMPATH/CodeIgniter.php(951): App\Controllers\LivresController->index()
 7 SYSTEMPATH/CodeIgniter.php(497): CodeIgniter\CodeIgniter->runController()
 8 SYSTEMPATH/CodeIgniter.php(340): CodeIgniter\CodeIgniter->handleRequest()
 9 SYSTEMPATH/Boot.php(417): CodeIgniter\CodeIgniter->run()
10 SYSTEMPATH/Boot.php(68): CodeIgniter\Boot::runCodeIgniter()
11 FCPATH/index.php(59): CodeIgniter\Boot::bootWeb()
ERROR - 2026-04-15 08:59:01 --> Error connecting to the database: mysqli_sql_exception: No such file or directory in /home/fifaliana/Itu/s4/INF205/codeigniter4-framework-b3359be/system/Database/MySQLi/Connection.php:201
Stack trace:
#0 /home/fifaliana/Itu/s4/INF205/codeigniter4-framework-b3359be/system/Database/MySQLi/Connection.php(201): mysqli->real_connect()
#1 /home/fifaliana/Itu/s4/INF205/codeigniter4-framework-b3359be/system/Database/BaseConnection.php(555): CodeIgniter\Database\MySQLi\Connection->connect()
#2 /home/fifaliana/Itu/s4/INF205/codeigniter4-framework-b3359be/system/Database/BaseConnection.php(795): CodeIgniter\Database\BaseConnection->initialize()
#3 /home/fifaliana/Itu/s4/INF205/codeigniter4-framework-b3359be/system/Database/BaseBuilder.php(1649): CodeIgniter\Database\BaseConnection->query()
#4 /home/fifaliana/Itu/s4/INF205/codeigniter4-framework-b3359be/system/Model.php(253): CodeIgniter\Database\BaseBuilder->get()
#5 /home/fifaliana/Itu/s4/INF205/codeigniter4-framework-b3359be/system/BaseModel.php(676): CodeIgniter\Model->doFindAll()
#6 /home/fifaliana/Itu/s4/INF205/codeigniter4-framework-b3359be/app/Controllers/LivresController.php(10): CodeIgniter\BaseModel->findAll()
#7 /home/fifaliana/Itu/s4/INF205/codeigniter4-framework-b3359be/app/Config/Routes.php(13): App\Controllers\LivresController->index()
#8 /home/fifaliana/Itu/s4/INF205/codeigniter4-framework-b3359be/system/CodeIgniter.php(872): CodeIgniter\Router\RouteCollection->{closure:/home/fifaliana/Itu/s4/INF205/codeigniter4-framework-b3359be/app/Config/Routes.php:11}()
#9 /home/fifaliana/Itu/s4/INF205/codeigniter4-framework-b3359be/system/CodeIgniter.php(480): CodeIgniter\CodeIgniter->startController()
#10 /home/fifaliana/Itu/s4/INF205/codeigniter4-framework-b3359be/system/CodeIgniter.php(340): CodeIgniter\CodeIgniter->handleRequest()
#11 /home/fifaliana/Itu/s4/INF205/codeigniter4-framework-b3359be/system/Boot.php(417): CodeIgniter\CodeIgniter->run()
#12 /home/fifaliana/Itu/s4/INF205/codeigniter4-framework-b3359be/system/Boot.php(68): CodeIgniter\Boot::runCodeIgniter()
#13 /home/fifaliana/Itu/s4/INF205/codeigniter4-framework-b3359be/public/index.php(59): CodeIgniter\Boot::bootWeb()
#14 {main}

Next CodeIgniter\Database\Exceptions\DatabaseException: No such file or directory in /home/fifaliana/Itu/s4/INF205/codeigniter4-framework-b3359be/system/Database/MySQLi/Connection.php:231
Stack trace:
#0 /home/fifaliana/Itu/s4/INF205/codeigniter4-framework-b3359be/system/Database/BaseConnection.php(555): CodeIgniter\Database\MySQLi\Connection->connect()
#1 /home/fifaliana/Itu/s4/INF205/codeigniter4-framework-b3359be/system/Database/BaseConnection.php(795): CodeIgniter\Database\BaseConnection->initialize()
#2 /home/fifaliana/Itu/s4/INF205/codeigniter4-framework-b3359be/system/Database/BaseBuilder.php(1649): CodeIgniter\Database\BaseConnection->query()
#3 /home/fifaliana/Itu/s4/INF205/codeigniter4-framework-b3359be/system/Model.php(253): CodeIgniter\Database\BaseBuilder->get()
#4 /home/fifaliana/Itu/s4/INF205/codeigniter4-framework-b3359be/system/BaseModel.php(676): CodeIgniter\Model->doFindAll()
#5 /home/fifaliana/Itu/s4/INF205/codeigniter4-framework-b3359be/app/Controllers/LivresController.php(10): CodeIgniter\BaseModel->findAll()
#6 /home/fifaliana/Itu/s4/INF205/codeigniter4-framework-b3359be/app/Config/Routes.php(13): App\Controllers\LivresController->index()
#7 /home/fifaliana/Itu/s4/INF205/codeigniter4-framework-b3359be/system/CodeIgniter.php(872): CodeIgniter\Router\RouteCollection->{closure:/home/fifaliana/Itu/s4/INF205/codeigniter4-framework-b3359be/app/Config/Routes.php:11}()
#8 /home/fifaliana/Itu/s4/INF205/codeigniter4-framework-b3359be/system/CodeIgniter.php(480): CodeIgniter\CodeIgniter->startController()
#9 /home/fifaliana/Itu/s4/INF205/codeigniter4-framework-b3359be/system/CodeIgniter.php(340): CodeIgniter\CodeIgniter->handleRequest()
#10 /home/fifaliana/Itu/s4/INF205/codeigniter4-framework-b3359be/system/Boot.php(417): CodeIgniter\CodeIgniter->run()
#11 /home/fifaliana/Itu/s4/INF205/codeigniter4-framework-b3359be/system/Boot.php(68): CodeIgniter\Boot::runCodeIgniter()
#12 /home/fifaliana/Itu/s4/INF205/codeigniter4-framework-b3359be/public/index.php(59): CodeIgniter\Boot::bootWeb()
#13 {main}
CRITICAL - 2026-04-15 08:59:01 --> CodeIgniter\Database\Exceptions\DatabaseException: Unable to connect to the database.
Main connection [MySQLi]: No such file or directory
[Method: GET, Route: livres]
in SYSTEMPATH/Database/BaseConnection.php on line 606.
 1 SYSTEMPATH/Database/BaseConnection.php(795): CodeIgniter\Database\BaseConnection->initialize()
 2 SYSTEMPATH/Database/BaseBuilder.php(1649): CodeIgniter\Database\BaseConnection->query()
 3 SYSTEMPATH/Model.php(253): CodeIgniter\Database\BaseBuilder->get()
 4 SYSTEMPATH/BaseModel.php(676): CodeIgniter\Model->doFindAll()
 5 APPPATH/Controllers/LivresController.php(10): CodeIgniter\BaseModel->findAll()
 6 APPPATH/Config/Routes.php(13): App\Controllers\LivresController->index()
 7 SYSTEMPATH/CodeIgniter.php(872): CodeIgniter\Router\RouteCollection->{closure:/home/fifaliana/Itu/s4/INF205/codeigniter4-framework-b3359be/app/Config/Routes.php:11}()
 8 SYSTEMPATH/CodeIgniter.php(480): CodeIgniter\CodeIgniter->startController()
 9 SYSTEMPATH/CodeIgniter.php(340): CodeIgniter\CodeIgniter->handleRequest()
10 SYSTEMPATH/Boot.php(417): CodeIgniter\CodeIgniter->run()
11 SYSTEMPATH/Boot.php(68): CodeIgniter\Boot::runCodeIgniter()
12 FCPATH/index.php(59): CodeIgniter\Boot::bootWeb()
ERROR - 2026-04-15 08:59:33 --> Table 'biblio.livres' doesn't exist
in SYSTEMPATH/Database/MySQLi/Connection.php on line 300.
 1 SYSTEMPATH/Database/MySQLi/Connection.php(300): mysqli->query()
 2 SYSTEMPATH/Database/BaseConnection.php(910): CodeIgniter\Database\MySQLi\Connection->execute()
 3 SYSTEMPATH/Database/BaseConnection.php(827): CodeIgniter\Database\BaseConnection->simpleQuery()
 4 SYSTEMPATH/Database/BaseBuilder.php(1649): CodeIgniter\Database\BaseConnection->query()
 5 SYSTEMPATH/Model.php(253): CodeIgniter\Database\BaseBuilder->get()
 6 SYSTEMPATH/BaseModel.php(676): CodeIgniter\Model->doFindAll()
 7 APPPATH/Controllers/LivresController.php(10): CodeIgniter\BaseModel->findAll()
 8 APPPATH/Config/Routes.php(13): App\Controllers\LivresController->index()
 9 SYSTEMPATH/CodeIgniter.php(872): CodeIgniter\Router\RouteCollection->{closure:/home/fifaliana/Itu/s4/INF205/codeigniter4-framework-b3359be/app/Config/Routes.php:11}()
10 SYSTEMPATH/CodeIgniter.php(480): CodeIgniter\CodeIgniter->startController()
11 SYSTEMPATH/CodeIgniter.php(340): CodeIgniter\CodeIgniter->handleRequest()
12 SYSTEMPATH/Boot.php(417): CodeIgniter\CodeIgniter->run()
13 SYSTEMPATH/Boot.php(68): CodeIgniter\Boot::runCodeIgniter()
14 FCPATH/index.php(59): CodeIgniter\Boot::bootWeb()
CRITICAL - 2026-04-15 08:59:33 --> CodeIgniter\Database\Exceptions\DatabaseException: Table 'biblio.livres' doesn't exist
[Method: GET, Route: livres]
in SYSTEMPATH/Database/BaseConnection.php on line 865.
 1 SYSTEMPATH/Database/BaseBuilder.php(1649): CodeIgniter\Database\BaseConnection->query()
 2 SYSTEMPATH/Model.php(253): CodeIgniter\Database\BaseBuilder->get()
 3 SYSTEMPATH/BaseModel.php(676): CodeIgniter\Model->doFindAll()
 4 APPPATH/Controllers/LivresController.php(10): CodeIgniter\BaseModel->findAll()
 5 APPPATH/Config/Routes.php(13): App\Controllers\LivresController->index()
 6 SYSTEMPATH/CodeIgniter.php(872): CodeIgniter\Router\RouteCollection->{closure:/home/fifaliana/Itu/s4/INF205/codeigniter4-framework-b3359be/app/Config/Routes.php:11}()
 7 SYSTEMPATH/CodeIgniter.php(480): CodeIgniter\CodeIgniter->startController()
 8 SYSTEMPATH/CodeIgniter.php(340): CodeIgniter\CodeIgniter->handleRequest()
 9 SYSTEMPATH/Boot.php(417): CodeIgniter\CodeIgniter->run()
10 SYSTEMPATH/Boot.php(68): CodeIgniter\Boot::runCodeIgniter()
11 FCPATH/index.php(59): CodeIgniter\Boot::bootWeb()
CRITICAL - 2026-04-15 08:59:33 --> [Caused by] CodeIgniter\Database\Exceptions\DatabaseException: Table 'biblio.livres' doesn't exist
in SYSTEMPATH/Database/MySQLi/Connection.php on line 310.
 1 SYSTEMPATH/Database/BaseConnection.php(910): CodeIgniter\Database\MySQLi\Connection->execute()
 2 SYSTEMPATH/Database/BaseConnection.php(827): CodeIgniter\Database\BaseConnection->simpleQuery()
 3 SYSTEMPATH/Database/BaseBuilder.php(1649): CodeIgniter\Database\BaseConnection->query()
 4 SYSTEMPATH/Model.php(253): CodeIgniter\Database\BaseBuilder->get()
 5 SYSTEMPATH/BaseModel.php(676): CodeIgniter\Model->doFindAll()
 6 APPPATH/Controllers/LivresController.php(10): CodeIgniter\BaseModel->findAll()
 7 APPPATH/Config/Routes.php(13): App\Controllers\LivresController->index()
 8 SYSTEMPATH/CodeIgniter.php(872): CodeIgniter\Router\RouteCollection->{closure:/home/fifaliana/Itu/s4/INF205/codeigniter4-framework-b3359be/app/Config/Routes.php:11}()
 9 SYSTEMPATH/CodeIgniter.php(480): CodeIgniter\CodeIgniter->startController()
10 SYSTEMPATH/CodeIgniter.php(340): CodeIgniter\CodeIgniter->handleRequest()
11 SYSTEMPATH/Boot.php(417): CodeIgniter\CodeIgniter->run()
12 SYSTEMPATH/Boot.php(68): CodeIgniter\Boot::runCodeIgniter()
13 FCPATH/index.php(59): CodeIgniter\Boot::bootWeb()
CRITICAL - 2026-04-15 08:59:33 --> [Caused by] mysqli_sql_exception: Table 'biblio.livres' doesn't exist
in SYSTEMPATH/Database/MySQLi/Connection.php on line 300.
 1 SYSTEMPATH/Database/MySQLi/Connection.php(300): mysqli->query()
 2 SYSTEMPATH/Database/BaseConnection.php(910): CodeIgniter\Database\MySQLi\Connection->execute()
 3 SYSTEMPATH/Database/BaseConnection.php(827): CodeIgniter\Database\BaseConnection->simpleQuery()
 4 SYSTEMPATH/Database/BaseBuilder.php(1649): CodeIgniter\Database\BaseConnection->query()
 5 SYSTEMPATH/Model.php(253): CodeIgniter\Database\BaseBuilder->get()
 6 SYSTEMPATH/BaseModel.php(676): CodeIgniter\Model->doFindAll()
 7 APPPATH/Controllers/LivresController.php(10): CodeIgniter\BaseModel->findAll()
 8 APPPATH/Config/Routes.php(13): App\Controllers\LivresController->index()
 9 SYSTEMPATH/CodeIgniter.php(872): CodeIgniter\Router\RouteCollection->{closure:/home/fifaliana/Itu/s4/INF205/codeigniter4-framework-b3359be/app/Config/Routes.php:11}()
10 SYSTEMPATH/CodeIgniter.php(480): CodeIgniter\CodeIgniter->startController()
11 SYSTEMPATH/CodeIgniter.php(340): CodeIgniter\CodeIgniter->handleRequest()
12 SYSTEMPATH/Boot.php(417): CodeIgniter\CodeIgniter->run()
13 SYSTEMPATH/Boot.php(68): CodeIgniter\Boot::runCodeIgniter()
14 FCPATH/index.php(59): CodeIgniter\Boot::bootWeb()
CRITICAL - 2026-04-15 08:59:53 --> ErrorException: Undefined array key "titre"
[Method: GET, Route: livres]
in APPPATH/Views/livres/index.php on line 24.
 1 APPPATH/Views/livres/index.php(24): CodeIgniter\Debug\Exceptions->errorHandler()
 2 SYSTEMPATH/View/View.php(240): include('/home/fifaliana/Itu/s4/INF205/codeigniter4-framework-b3359be/app/Views/livres/index.php')
 3 SYSTEMPATH/View/View.php(243): CodeIgniter\View\View->{closure:CodeIgniter\View\View::render():237}()
 4 SYSTEMPATH/Common.php(1250): CodeIgniter\View\View->render()
 5 APPPATH/Controllers/LivresController.php(11): view()
 6 APPPATH/Config/Routes.php(13): App\Controllers\LivresController->index()
 7 SYSTEMPATH/CodeIgniter.php(872): CodeIgniter\Router\RouteCollection->{closure:/home/fifaliana/Itu/s4/INF205/codeigniter4-framework-b3359be/app/Config/Routes.php:11}()
 8 SYSTEMPATH/CodeIgniter.php(480): CodeIgniter\CodeIgniter->startController()
 9 SYSTEMPATH/CodeIgniter.php(340): CodeIgniter\CodeIgniter->handleRequest()
10 SYSTEMPATH/Boot.php(417): CodeIgniter\CodeIgniter->run()
11 SYSTEMPATH/Boot.php(68): CodeIgniter\Boot::runCodeIgniter()
12 FCPATH/index.php(59): CodeIgniter\Boot::bootWeb()
CRITICAL - 2026-04-15 09:07:55 --> ErrorException: Attempt to read property "libelle" on array
[Method: GET, Route: livres]
in APPPATH/Views/livres/index.php on line 28.
 1 APPPATH/Views/livres/index.php(28): CodeIgniter\Debug\Exceptions->errorHandler()
 2 SYSTEMPATH/View/View.php(240): include('/home/fifaliana/Itu/s4/INF205/codeigniter4-framework-b3359be/app/Views/livres/index.php')
 3 SYSTEMPATH/View/View.php(243): CodeIgniter\View\View->{closure:CodeIgniter\View\View::render():237}()
 4 SYSTEMPATH/Common.php(1250): CodeIgniter\View\View->render()
 5 APPPATH/Controllers/LivresController.php(11): view()
 6 APPPATH/Config/Routes.php(13): App\Controllers\LivresController->index()
 7 SYSTEMPATH/CodeIgniter.php(872): CodeIgniter\Router\RouteCollection->{closure:/home/fifaliana/Itu/s4/INF205/codeigniter4-framework-b3359be/app/Config/Routes.php:11}()
 8 SYSTEMPATH/CodeIgniter.php(480): CodeIgniter\CodeIgniter->startController()
 9 SYSTEMPATH/CodeIgniter.php(340): CodeIgniter\CodeIgniter->handleRequest()
10 SYSTEMPATH/Boot.php(417): CodeIgniter\CodeIgniter->run()
11 SYSTEMPATH/Boot.php(68): CodeIgniter\Boot::runCodeIgniter()
12 FCPATH/index.php(59): CodeIgniter\Boot::bootWeb()
